#
# There is insufficient memory for the Java Runtime Environment to continue.
# Native memory allocation (malloc) failed to allocate 32784 bytes for Chunk::new
# Possible reasons:
#   The system is out of physical RAM or swap space
#   In 32 bit mode, the process size limit was hit
# Possible solutions:
#   Reduce memory load on the system
#   Increase physical memory or swap space
#   Check if swap backing store is full
#   Use 64 bit Java on a 64 bit OS
#   Decrease Java heap size (-Xmx/-Xms)
#   Decrease number of Java threads
#   Decrease Java thread stack sizes (-Xss)
#   Set larger code cache with -XX:ReservedCodeCacheSize=
# This output file may be truncated or incomplete.
#
#  Out of Memory Error (allocation.cpp:390), pid=2092, tid=0x000000000000283c
#
# JRE version: Java(TM) SE Runtime Environment (8.0_181-b13) (build 1.8.0_181-b13)
# Java VM: Java HotSpot(TM) 64-Bit Server VM (25.181-b13 mixed mode windows-amd64 compressed oops)
# Failed to write core dump. Minidumps are not enabled by default on client versions of Windows
#

---------------  T H R E A D  ---------------

Current thread (0x0000000015cd4800):  JavaThread "C2 CompilerThread1" daemon [_thread_in_native, id=10300, stack(0x00000000165a0000,0x00000000166a0000)]

Stack: [0x00000000165a0000,0x00000000166a0000]
[error occurred during error reporting (printing stack bounds), id 0xc0000005]

Native frames: (J=compiled Java code, j=interpreted, Vv=VM code, C=native code)


Current CompileTask:
C2:  31222 7851       4       org.gradle.api.internal.artifacts.ivyservice.modulecache.ModuleMetadataSerializer$Reader::readNullableArtifact (51 bytes)


---------------  P R O C E S S  ---------------

Java Threads: ( => current thread )
  0x000000001d8a4000 JavaThread "Cache worker for execution history cache (T:\C0720G1_HuynhDucHiep_module4\13.i18n\baitap\ung_dung_quan_ly_khach_hang\.gradle\6.6.1\executionHistory)" [_thread_blocked, id=11412, stack(0x0000000022fc0000,0x00000000230c0000)]
  0x000000001d8a6800 JavaThread "Execution worker for ':' Thread 7" [_thread_blocked, id=5180, stack(0x0000000022ec0000,0x0000000022fc0000)]
  0x000000001d8a7000 JavaThread "Execution worker for ':' Thread 6" [_thread_blocked, id=3212, stack(0x0000000022dc0000,0x0000000022ec0000)]
  0x0000000018570800 JavaThread "Execution worker for ':' Thread 5" [_thread_blocked, id=6840, stack(0x0000000022cc0000,0x0000000022dc0000)]
  0x0000000018570000 JavaThread "Execution worker for ':' Thread 4" [_thread_blocked, id=7988, stack(0x0000000022bc0000,0x0000000022cc0000)]
  0x0000000018577000 JavaThread "Execution worker for ':' Thread 3" [_thread_blocked, id=7384, stack(0x0000000022ac0000,0x0000000022bc0000)]
  0x0000000018574000 JavaThread "Execution worker for ':' Thread 2" [_thread_blocked, id=5564, stack(0x0000000022650000,0x0000000022750000)]
  0x0000000018761800 JavaThread "Execution worker for ':'" [_thread_in_native, id=8164, stack(0x0000000022550000,0x0000000022650000)]
  0x0000000018768800 JavaThread "Cache worker for file content cache (T:\C0720G1_HuynhDucHiep_module4\13.i18n\baitap\ung_dung_quan_ly_khach_hang\.gradle\6.6.1\fileContent)" [_thread_blocked, id=7048, stack(0x0000000022450000,0x0000000022550000)]
  0x0000000018767800 JavaThread "Build operations Thread 8" [_thread_blocked, id=7860, stack(0x0000000021050000,0x0000000021150000)]
  0x0000000018760000 JavaThread "Build operations Thread 7" [_thread_blocked, id=12100, stack(0x0000000020e00000,0x0000000020f00000)]
  0x0000000018763000 JavaThread "Build operations Thread 6" [_thread_blocked, id=17448, stack(0x0000000020d00000,0x0000000020e00000)]
  0x0000000018767000 JavaThread "Build operations Thread 5" [_thread_blocked, id=17444, stack(0x0000000020c00000,0x0000000020d00000)]
  0x0000000018766000 JavaThread "Build operations Thread 4" [_thread_blocked, id=17452, stack(0x0000000020b00000,0x0000000020c00000)]
  0x0000000018765800 JavaThread "Build operations Thread 3" [_thread_blocked, id=15728, stack(0x0000000020a00000,0x0000000020b00000)]
  0x0000000018764800 JavaThread "Build operations Thread 2" [_thread_blocked, id=12220, stack(0x0000000020900000,0x0000000020a00000)]
  0x000000001d737800 JavaThread "Build operations" [_thread_blocked, id=17880, stack(0x0000000020800000,0x0000000020900000)]
  0x000000001d736000 JavaThread "Cache worker for Build Output Cleanup Cache (T:\C0720G1_HuynhDucHiep_module4\13.i18n\baitap\ung_dung_quan_ly_khach_hang\.gradle\buildOutputCleanup)" [_thread_blocked, id=10160, stack(0x00000000201b0000,0x00000000202b0000)]
  0x000000001d72d000 JavaThread "Cache worker for cache directory md-rule (C:\Users\beut1\.gradle\caches\6.6.1\md-rule)" [_thread_blocked, id=18328, stack(0x000000001f8b0000,0x000000001f9b0000)]
  0x000000001d734000 JavaThread "Cache worker for cache directory md-supplier (C:\Users\beut1\.gradle\caches\6.6.1\md-supplier)" [_thread_blocked, id=17572, stack(0x000000001e460000,0x000000001e560000)]
  0x000000001d72c800 JavaThread "Cache worker for checksums cache (T:\C0720G1_HuynhDucHiep_module4\13.i18n\baitap\ung_dung_quan_ly_khach_hang\.gradle\checksums)" [_thread_blocked, id=9184, stack(0x000000001d0a0000,0x000000001d1a0000)]
  0x000000001d733000 JavaThread "Cache worker for file hash cache (T:\C0720G1_HuynhDucHiep_module4\13.i18n\baitap\ung_dung_quan_ly_khach_hang\.gradle\6.6.1\fileHashes)" [_thread_blocked, id=6532, stack(0x000000001cda0000,0x000000001cea0000)]
  0x000000001d732800 JavaThread "Thread-61" [_thread_blocked, id=15280, stack(0x000000001a6d0000,0x000000001a7d0000)]
  0x000000001d72b000 JavaThread "Stdin handler" [_thread_blocked, id=2340, stack(0x000000001a4d0000,0x000000001a5d0000)]
  0x000000001d731800 JavaThread "Asynchronous log dispatcher for DefaultDaemonConnection: socket connection from /127.0.0.1:56739 to /127.0.0.1:56765" [_thread_blocked, id=10456, stack(0x000000001a2c0000,0x000000001a3c0000)]
  0x000000001d731000 JavaThread "Cancel handler" [_thread_blocked, id=13028, stack(0x000000001a1c0000,0x000000001a2c0000)]
  0x000000001d72b800 JavaThread "Handler for socket connection from /127.0.0.1:56739 to /127.0.0.1:56765" [_thread_in_native, id=17424, stack(0x000000001a0c0000,0x000000001a1c0000)]
  0x000000001d735800 JavaThread "Cache worker for Java compile cache (C:\Users\beut1\.gradle\caches\6.6.1\javaCompile)" [_thread_blocked, id=19280, stack(0x00000000234e0000,0x00000000235e0000)]
  0x000000001d729800 JavaThread "Memory manager" [_thread_blocked, id=3516, stack(0x00000000229c0000,0x0000000022ac0000)]
  0x000000001d730000 JavaThread "jar transforms Thread 17" [_thread_blocked, id=3536, stack(0x0000000022150000,0x0000000022250000)]
  0x000000001d72f800 JavaThread "jar transforms Thread 16" [_thread_blocked, id=6120, stack(0x0000000022050000,0x0000000022150000)]
  0x000000001d72e000 JavaThread "jar transforms Thread 15" [_thread_blocked, id=16284, stack(0x0000000021f50000,0x0000000022050000)]
  0x000000001d72e800 JavaThread "jar transforms Thread 14" [_thread_blocked, id=19016, stack(0x0000000021e50000,0x0000000021f50000)]
  0x000000001d728800 JavaThread "jar transforms Thread 13" [_thread_blocked, id=3600, stack(0x0000000021d50000,0x0000000021e50000)]
  0x000000001d72a000 JavaThread "jar transforms Thread 12" [_thread_blocked, id=18608, stack(0x0000000021c50000,0x0000000021d50000)]
  0x000000001876d800 JavaThread "jar transforms Thread 11" [_thread_blocked, id=5840, stack(0x0000000021b50000,0x0000000021c50000)]
  0x000000001876b800 JavaThread "jar transforms Thread 10" [_thread_blocked, id=10352, stack(0x0000000021a50000,0x0000000021b50000)]
  0x000000001876c000 JavaThread "jar transforms Thread 9" [_thread_blocked, id=5156, stack(0x0000000021950000,0x0000000021a50000)]
  0x000000001876d000 JavaThread "jar transforms Thread 8" [_thread_blocked, id=5376, stack(0x0000000021850000,0x0000000021950000)]
  0x000000001876a000 JavaThread "jar transforms Thread 7" [_thread_blocked, id=11376, stack(0x0000000021750000,0x0000000021850000)]
  0x000000001876f000 JavaThread "jar transforms Thread 6" [_thread_blocked, id=11516, stack(0x0000000021650000,0x0000000021750000)]
  0x000000001876a800 JavaThread "jar transforms Thread 5" [_thread_blocked, id=16252, stack(0x0000000021550000,0x0000000021650000)]
  0x000000001876e800 JavaThread "jar transforms Thread 4" [_thread_blocked, id=6100, stack(0x0000000021450000,0x0000000021550000)]
  0x0000000018762800 JavaThread "jar transforms Thread 3" [_thread_blocked, id=1756, stack(0x0000000021350000,0x0000000021450000)]
  0x0000000018769000 JavaThread "jar transforms Thread 2" [_thread_blocked, id=10736, stack(0x0000000020700000,0x0000000020800000)]
  0x0000000018764000 JavaThread "Cache worker for file content cache (C:\Users\beut1\.gradle\caches\6.6.1\fileContent)" [_thread_blocked, id=9008, stack(0x000000001feb0000,0x000000001ffb0000)]
  0x0000000018571800 JavaThread "jar transforms" [_thread_blocked, id=508, stack(0x000000001f9b0000,0x000000001fab0000)]
  0x0000000018573000 JavaThread "Cache worker for execution history cache (C:\Users\beut1\.gradle\caches\6.6.1\executionHistory)" [_thread_blocked, id=5740, stack(0x000000001e560000,0x000000001e660000)]
  0x0000000018576000 JavaThread "Cache worker for journal cache (C:\Users\beut1\.gradle\caches\journal-1)" [_thread_blocked, id=16464, stack(0x000000001ab00000,0x000000001ac00000)]
  0x0000000018575800 JavaThread "File lock request listener" [_thread_in_native, id=11288, stack(0x000000001aa00000,0x000000001ab00000)]
  0x0000000018572800 JavaThread "Cache worker for file hash cache (C:\Users\beut1\.gradle\caches\6.6.1\fileHashes)" [_thread_blocked, id=18028, stack(0x000000001a5d0000,0x000000001a6d0000)]
  0x0000000018541800 JavaThread "Daemon worker" [_thread_blocked, id=11812, stack(0x000000001a3d0000,0x000000001a4d0000)]
  0x0000000018863800 JavaThread "Daemon" [_thread_blocked, id=16032, stack(0x0000000019fc0000,0x000000001a0c0000)]
  0x00000000185c1000 JavaThread "Daemon periodic checks" [_thread_blocked, id=7880, stack(0x0000000019cc0000,0x0000000019dc0000)]
  0x0000000018442800 JavaThread "Incoming local TCP Connector on port 56739" [_thread_in_native, id=4168, stack(0x0000000019a80000,0x0000000019b80000)]
  0x00000000183a5800 JavaThread "Daemon health stats" [_thread_blocked, id=7220, stack(0x0000000019240000,0x0000000019340000)]
  0x0000000015d5e800 JavaThread "Service Thread" daemon [_thread_blocked, id=6036, stack(0x00000000168a0000,0x00000000169a0000)]
  0x0000000015cd7000 JavaThread "C1 CompilerThread3" daemon [_thread_in_vm, id=14756, stack(0x00000000167a0000,0x00000000168a0000)]
  0x0000000013dca000 JavaThread "C2 CompilerThread2" daemon [_thread_in_native, id=10648, stack(0x00000000166a0000,0x00000000167a0000)]
=>0x0000000015cd4800 JavaThread "C2 CompilerThread1" daemon [_thread_in_native, id=10300, stack(0x00000000165a0000,0x00000000166a0000)]
  0x0000000015cd1000 JavaThread "C2 CompilerThread0" daemon [_thread_in_native, id=8592, stack(0x00000000164a0000,0x00000000165a0000)]
  0x0000000015ccc800 JavaThread "Attach Listener" daemon [_thread_blocked, id=1984, stack(0x00000000163a0000,0x00000000164a0000)]
  0x0000000015ccb000 JavaThread "Signal Dispatcher" daemon [_thread_blocked, id=680, stack(0x00000000162a0000,0x00000000163a0000)]
  0x000000000254e800 JavaThread "Finalizer" daemon [_thread_blocked, id=16160, stack(0x00000000160a0000,0x00000000161a0000)]
  0x0000000002547000 JavaThread "Reference Handler" daemon [_thread_blocked, id=10712, stack(0x0000000015ba0000,0x0000000015ca0000)]
  0x0000000000b3e800 JavaThread "main" [_thread_blocked, id=2256, stack(0x0000000002350000,0x0000000002450000)]

Other Threads:
  0x0000000013dba000 VMThread [stack: 0x0000000015aa0000,0x0000000015ba0000] [id=13776]
  0x0000000015d82800 WatcherThread [stack: 0x00000000169a0000,0x0000000016aa0000] [id=4492]

VM state:not at safepoint (normal execution)

VM Mutex/Monitor currently owned by a thread: None

Heap:
 PSYoungGen      total 153600K, used 52964K [0x00000000f5580000, 0x0000000100000000, 0x0000000100000000)
  eden space 132608K, 24% used [0x00000000f5580000,0x00000000f74bb428,0x00000000fd700000)
  from space 20992K, 99% used [0x00000000fd700000,0x00000000feb7dd48,0x00000000feb80000)
  to   space 20992K, 0% used [0x00000000feb80000,0x00000000feb80000,0x0000000100000000)
 ParOldGen       total 175104K, used 47480K [0x00000000e0000000, 0x00000000eab00000, 0x00000000f5580000)
  object space 175104K, 27% used [0x00000000e0000000,0x00000000e2e5e028,0x00000000eab00000)
 Metaspace       used 54252K, capacity 57288K, committed 57344K, reserved 1097728K
  class space    used 7574K, capacity 8157K, committed 8192K, reserved 1048576K

Card table byte_map: [0x0000000011910000,0x0000000011a20000] byte_map_base: 0x0000000011210000

Marking Bits: (ParMarkBitMap*) 0x000000006a042d00
 Begin Bits: [0x00000000122d0000, 0x0000000012ad0000)
 End Bits:   [0x0000000012ad0000, 0x00000000132d0000)

Polling page: 0x0000000000500000

CodeCache: size=245760Kb used=22345Kb max_used=23276Kb free=223414Kb
 bounds [0x0000000002550000, 0x0000000003c40000, 0x0000000011550000]
 total_blobs=7624 nmethods=6852 adapters=681
 compilation: enabled

Compilation events (10 events):
Event: 31.217 Thread 0x0000000015cd7000 7855   !   3       org.gradle.launcher.daemon.server.exec.LogToClient$AsynchronousLogDispatcher::dispatchAsync (33 bytes)
Event: 31.218 Thread 0x0000000015cd7000 nmethod 7855 0x00000000032dd250 code [0x00000000032dd400, 0x00000000032dd9f8]
Event: 31.218 Thread 0x0000000015cd7000 7856       3       org.gradle.launcher.daemon.server.DefaultDaemonConnection::logEvent (27 bytes)
Event: 31.218 Thread 0x0000000015cd7000 nmethod 7856 0x000000000386d710 code [0x000000000386d8a0, 0x000000000386dd18]
Event: 31.218 Thread 0x0000000015cd7000 7857       3       org.gradle.launcher.daemon.protocol.OutputMessage::<init> (10 bytes)
Event: 31.219 Thread 0x0000000015cd7000 nmethod 7857 0x000000000386d290 code [0x000000000386d400, 0x000000000386d630]
Event: 31.219 Thread 0x0000000015cd7000 7858       3       org.gradle.launcher.daemon.protocol.DaemonMessageSerializer$OutputMessageSerializer::write (10 bytes)
Event: 31.219 Thread 0x0000000015cd7000 nmethod 7858 0x000000000386cbd0 code [0x000000000386cd60, 0x000000000386d108]
Event: 31.219 Thread 0x0000000015cd7000 7859       3       org.gradle.launcher.daemon.protocol.DaemonMessageSerializer$OutputMessageSerializer::write (15 bytes)
Event: 31.219 Thread 0x0000000015cd7000 nmethod 7859 0x000000000386c710 code [0x000000000386c880, 0x000000000386cac8]

GC Heap History (10 events):
Event: 5.139 GC heap before
{Heap before GC invocations=9 (full 2):
 PSYoungGen      total 119808K, used 7126K [0x00000000f5580000, 0x0000000100000000, 0x0000000100000000)
  eden space 107520K, 0% used [0x00000000f5580000,0x00000000f5580000,0x00000000fbe80000)
  from space 12288K, 57% used [0x00000000fbe80000,0x00000000fc575818,0x00000000fca80000)
  to   space 12288K, 0% used [0x00000000ff400000,0x00000000ff400000,0x0000000100000000)
 ParOldGen       total 175104K, used 7582K [0x00000000e0000000, 0x00000000eab00000, 0x00000000f5580000)
  object space 175104K, 4% used [0x00000000e0000000,0x00000000e0767b68,0x00000000eab00000)
 Metaspace       used 34407K, capacity 35440K, committed 35496K, reserved 1079296K
  class space    used 4824K, capacity 5076K, committed 5120K, reserved 1048576K
Event: 5.185 GC heap after
Heap after GC invocations=9 (full 2):
 PSYoungGen      total 119808K, used 0K [0x00000000f5580000, 0x0000000100000000, 0x0000000100000000)
  eden space 107520K, 0% used [0x00000000f5580000,0x00000000f5580000,0x00000000fbe80000)
  from space 12288K, 0% used [0x00000000fbe80000,0x00000000fbe80000,0x00000000fca80000)
  to   space 12288K, 0% used [0x00000000ff400000,0x00000000ff400000,0x0000000100000000)
 ParOldGen       total 175104K, used 13689K [0x00000000e0000000, 0x00000000eab00000, 0x00000000f5580000)
  object space 175104K, 7% used [0x00000000e0000000,0x00000000e0d5e798,0x00000000eab00000)
 Metaspace       used 34407K, capacity 35440K, committed 35496K, reserved 1079296K
  class space    used 4824K, capacity 5076K, committed 5120K, reserved 1048576K
}
Event: 6.047 GC heap before
{Heap before GC invocations=10 (full 2):
 PSYoungGen      total 119808K, used 107520K [0x00000000f5580000, 0x0000000100000000, 0x0000000100000000)
  eden space 107520K, 100% used [0x00000000f5580000,0x00000000fbe80000,0x00000000fbe80000)
  from space 12288K, 0% used [0x00000000fbe80000,0x00000000fbe80000,0x00000000fca80000)
  to   space 12288K, 0% used [0x00000000ff400000,0x00000000ff400000,0x0000000100000000)
 ParOldGen       total 175104K, used 13689K [0x00000000e0000000, 0x00000000eab00000, 0x00000000f5580000)
  object space 175104K, 7% used [0x00000000e0000000,0x00000000e0d5e798,0x00000000eab00000)
 Metaspace       used 39206K, capacity 41026K, committed 41088K, reserved 1085440K
  class space    used 5610K, capacity 5973K, committed 6016K, reserved 1048576K
Event: 6.053 GC heap after
Heap after GC invocations=10 (full 2):
 PSYoungGen      total 161280K, used 8696K [0x00000000f5580000, 0x00000000fff00000, 0x0000000100000000)
  eden space 150016K, 0% used [0x00000000f5580000,0x00000000f5580000,0x00000000fe800000)
  from space 11264K, 77% used [0x00000000ff400000,0x00000000ffc7e268,0x00000000fff00000)
  to   space 11776K, 0% used [0x00000000fe800000,0x00000000fe800000,0x00000000ff380000)
 ParOldGen       total 175104K, used 13697K [0x00000000e0000000, 0x00000000eab00000, 0x00000000f5580000)
  object space 175104K, 7% used [0x00000000e0000000,0x00000000e0d60798,0x00000000eab00000)
 Metaspace       used 39206K, capacity 41026K, committed 41088K, reserved 1085440K
  class space    used 5610K, capacity 5973K, committed 6016K, reserved 1048576K
}
Event: 7.723 GC heap before
{Heap before GC invocations=11 (full 2):
 PSYoungGen      total 161280K, used 158712K [0x00000000f5580000, 0x00000000fff00000, 0x0000000100000000)
  eden space 150016K, 100% used [0x00000000f5580000,0x00000000fe800000,0x00000000fe800000)
  from space 11264K, 77% used [0x00000000ff400000,0x00000000ffc7e268,0x00000000fff00000)
  to   space 11776K, 0% used [0x00000000fe800000,0x00000000fe800000,0x00000000ff380000)
 ParOldGen       total 175104K, used 13697K [0x00000000e0000000, 0x00000000eab00000, 0x00000000f5580000)
  object space 175104K, 7% used [0x00000000e0000000,0x00000000e0d60798,0x00000000eab00000)
 Metaspace       used 45034K, capacity 47510K, committed 47616K, reserved 1089536K
  class space    used 6398K, capacity 6894K, committed 6912K, reserved 1048576K
Event: 7.736 GC heap after
Heap after GC invocations=11 (full 2):
 PSYoungGen      total 161792K, used 11744K [0x00000000f5580000, 0x0000000100000000, 0x0000000100000000)
  eden space 150016K, 0% used [0x00000000f5580000,0x00000000f5580000,0x00000000fe800000)
  from space 11776K, 99% used [0x00000000fe800000,0x00000000ff378050,0x00000000ff380000)
  to   space 12800K, 0% used [0x00000000ff380000,0x00000000ff380000,0x0000000100000000)
 ParOldGen       total 175104K, used 18677K [0x00000000e0000000, 0x00000000eab00000, 0x00000000f5580000)
  object space 175104K, 10% used [0x00000000e0000000,0x00000000e123d5d8,0x00000000eab00000)
 Metaspace       used 45034K, capacity 47510K, committed 47616K, reserved 1089536K
  class space    used 6398K, capacity 6894K, committed 6912K, reserved 1048576K
}
Event: 10.032 GC heap before
{Heap before GC invocations=12 (full 2):
 PSYoungGen      total 161792K, used 161760K [0x00000000f5580000, 0x0000000100000000, 0x0000000100000000)
  eden space 150016K, 100% used [0x00000000f5580000,0x00000000fe800000,0x00000000fe800000)
  from space 11776K, 99% used [0x00000000fe800000,0x00000000ff378050,0x00000000ff380000)
  to   space 12800K, 0% used [0x00000000ff380000,0x00000000ff380000,0x0000000100000000)
 ParOldGen       total 175104K, used 18677K [0x00000000e0000000, 0x00000000eab00000, 0x00000000f5580000)
  object space 175104K, 10% used [0x00000000e0000000,0x00000000e123d5d8,0x00000000eab00000)
 Metaspace       used 50665K, capacity 53400K, committed 53504K, reserved 1095680K
  class space    used 7135K, capacity 7651K, committed 7680K, reserved 1048576K
Event: 10.049 GC heap after
Heap after GC invocations=12 (full 2):
 PSYoungGen      total 145408K, used 12769K [0x00000000f5580000, 0x0000000100000000, 0x0000000100000000)
  eden space 132608K, 0% used [0x00000000f5580000,0x00000000f5580000,0x00000000fd700000)
  from space 12800K, 99% used [0x00000000ff380000,0x00000000ffff8560,0x0000000100000000)
  to   space 20992K, 0% used [0x00000000fd700000,0x00000000fd700000,0x00000000feb80000)
 ParOldGen       total 175104K, used 33697K [0x00000000e0000000, 0x00000000eab00000, 0x00000000f5580000)
  object space 175104K, 19% used [0x00000000e0000000,0x00000000e20e8750,0x00000000eab00000)
 Metaspace       used 50665K, capacity 53400K, committed 53504K, reserved 1095680K
  class space    used 7135K, capacity 7651K, committed 7680K, reserved 1048576K
}
Event: 12.470 GC heap before
{Heap before GC invocations=13 (full 2):
 PSYoungGen      total 145408K, used 145377K [0x00000000f5580000, 0x0000000100000000, 0x0000000100000000)
  eden space 132608K, 100% used [0x00000000f5580000,0x00000000fd700000,0x00000000fd700000)
  from space 12800K, 99% used [0x00000000ff380000,0x00000000ffff8560,0x0000000100000000)
  to   space 20992K, 0% used [0x00000000fd700000,0x00000000fd700000,0x00000000feb80000)
 ParOldGen       total 175104K, used 33697K [0x00000000e0000000, 0x00000000eab00000, 0x00000000f5580000)
  object space 175104K, 19% used [0x00000000e0000000,0x00000000e20e8750,0x00000000eab00000)
 Metaspace       used 53990K, capacity 57004K, committed 57088K, reserved 1097728K
  class space    used 7565K, capacity 8145K, committed 8192K, reserved 1048576K
Event: 12.496 GC heap after
Heap after GC invocations=13 (full 2):
 PSYoungGen      total 153600K, used 20983K [0x00000000f5580000, 0x0000000100000000, 0x0000000100000000)
  eden space 132608K, 0% used [0x00000000f5580000,0x00000000f5580000,0x00000000fd700000)
  from space 20992K, 99% used [0x00000000fd700000,0x00000000feb7dd48,0x00000000feb80000)
  to   space 20992K, 0% used [0x00000000feb80000,0x00000000feb80000,0x0000000100000000)
 ParOldGen       total 175104K, used 47480K [0x00000000e0000000, 0x00000000eab00000, 0x00000000f5580000)
  object space 175104K, 27% used [0x00000000e0000000,0x00000000e2e5e028,0x00000000eab00000)
 Metaspace       used 53990K, capacity 57004K, committed 57088K, reserved 1097728K
  class space    used 7565K, capacity 8145K, committed 8192K, reserved 1048576K
}

Deoptimization events (10 events):
Event: 30.781 Thread 0x0000000018541800 Uncommon trap: reason=bimorphic action=maybe_recompile pc=0x00000000031bc5c4 method=java.util.Objects.equals(Ljava/lang/Object;Ljava/lang/Object;)Z @ 11
Event: 30.803 Thread 0x0000000018541800 Uncommon trap: reason=array_check action=maybe_recompile pc=0x0000000002c02cb4 method=java.util.AbstractCollection.toArray([Ljava/lang/Object;)[Ljava/lang/Object; @ 119
Event: 30.803 Thread 0x0000000018541800 Uncommon trap: reason=array_check action=maybe_recompile pc=0x0000000002c02cb4 method=java.util.AbstractCollection.toArray([Ljava/lang/Object;)[Ljava/lang/Object; @ 119
Event: 30.803 Thread 0x0000000018541800 Uncommon trap: reason=array_check action=maybe_recompile pc=0x0000000002c02cb4 method=java.util.AbstractCollection.toArray([Ljava/lang/Object;)[Ljava/lang/Object; @ 119
Event: 30.803 Thread 0x0000000018541800 Uncommon trap: reason=array_check action=maybe_recompile pc=0x0000000002c02cb4 method=java.util.AbstractCollection.toArray([Ljava/lang/Object;)[Ljava/lang/Object; @ 119
Event: 30.888 Thread 0x000000001d72e000 Uncommon trap: reason=unstable_if action=reinterpret pc=0x00000000026e571c method=java.util.concurrent.SynchronousQueue$TransferStack.shouldSpin(Ljava/util/concurrent/SynchronousQueue$TransferStack$SNode;)Z @ 7
Event: 30.906 Thread 0x0000000018541800 Uncommon trap: reason=array_check action=maybe_recompile pc=0x0000000003b8f8c8 method=com.google.common.collect.ImmutableSet.construct(I[Ljava/lang/Object;)Lcom/google/common/collect/ImmutableSet; @ 122
Event: 30.908 Thread 0x0000000018541800 Uncommon trap: reason=array_check action=maybe_recompile pc=0x0000000003b8f8c8 method=com.google.common.collect.ImmutableSet.construct(I[Ljava/lang/Object;)Lcom/google/common/collect/ImmutableSet; @ 122
Event: 30.953 Thread 0x0000000018761800 Uncommon trap: reason=unstable_if action=reinterpret pc=0x0000000003b9709c method=com.google.common.collect.MapMakerInternalMap$Segment.getEntry(Ljava/lang/Object;I)Lcom/google/common/collect/MapMakerInternalMap$InternalEntry; @ 40
Event: 30.953 Thread 0x0000000018761800 Uncommon trap: reason=unstable_if action=reinterpret pc=0x0000000003b7eb24 method=com.google.common.collect.MapMakerInternalMap$Segment.getEntry(Ljava/lang/Object;I)Lcom/google/common/collect/MapMakerInternalMap$InternalEntry; @ 40

Classes redefined (0 events):
No events

Internal exceptions (10 events):
Event: 10.981 Thread 0x0000000018541800 Exception <a 'java/lang/ClassNotFoundException': org/gradle/language/jvm/tasks/ProcessResourcesBeanInfo> (0x00000000fc1e5b68) thrown at [C:\re\workspace\8-2-build-windows-amd64-cygwin\jdk8u181\11358\hotspot\src\share\vm\classfile\systemDictionary.cpp, lin
Event: 10.981 Thread 0x0000000018541800 Exception <a 'java/lang/ClassNotFoundException': org/gradle/api/tasks/CopyBeanInfo> (0x00000000fc1f8ee8) thrown at [C:\re\workspace\8-2-build-windows-amd64-cygwin\jdk8u181\11358\hotspot\src\share\vm\classfile\systemDictionary.cpp, line 210]
Event: 10.982 Thread 0x0000000018541800 Exception <a 'java/lang/ClassNotFoundException': org/gradle/api/tasks/AbstractCopyTaskBeanInfo> (0x00000000fc20fec0) thrown at [C:\re\workspace\8-2-build-windows-amd64-cygwin\jdk8u181\11358\hotspot\src\share\vm\classfile\systemDictionary.cpp, line 210]
Event: 10.982 Thread 0x0000000018541800 Exception <a 'java/lang/ClassNotFoundException': org/gradle/api/tasks/AbstractCopyTaskCustomizer> (0x00000000fc227478) thrown at [C:\re\workspace\8-2-build-windows-amd64-cygwin\jdk8u181\11358\hotspot\src\share\vm\classfile\systemDictionary.cpp, line 210]
Event: 10.984 Thread 0x0000000018541800 Exception <a 'java/lang/ClassNotFoundException': org/gradle/api/tasks/CopyCustomizer> (0x00000000fc34eb90) thrown at [C:\re\workspace\8-2-build-windows-amd64-cygwin\jdk8u181\11358\hotspot\src\share\vm\classfile\systemDictionary.cpp, line 210]
Event: 10.985 Thread 0x0000000018541800 Exception <a 'java/lang/ClassNotFoundException': org/gradle/language/jvm/tasks/ProcessResourcesCustomizer> (0x00000000fc397148) thrown at [C:\re\workspace\8-2-build-windows-amd64-cygwin\jdk8u181\11358\hotspot\src\share\vm\classfile\systemDictionary.cpp, l
Event: 10.985 Thread 0x0000000018541800 Exception <a 'java/lang/ClassNotFoundException': org/gradle/language/jvm/tasks/ProcessResources_DecoratedCustomizer> (0x00000000fc3debc0) thrown at [C:\re\workspace\8-2-build-windows-amd64-cygwin\jdk8u181\11358\hotspot\src\share\vm\classfile\systemDiction
Event: 11.110 Thread 0x0000000018541800 Exception <a 'java/lang/ClassNotFoundException': org/gradle/api/DefaultTask_DecoratedBeanInfo> (0x00000000fc6697d0) thrown at [C:\re\workspace\8-2-build-windows-amd64-cygwin\jdk8u181\11358\hotspot\src\share\vm\classfile\systemDictionary.cpp, line 210]
Event: 11.111 Thread 0x0000000018541800 Exception <a 'java/lang/ClassNotFoundException': org/gradle/api/DefaultTask_DecoratedCustomizer> (0x00000000fc680740) thrown at [C:\re\workspace\8-2-build-windows-amd64-cygwin\jdk8u181\11358\hotspot\src\share\vm\classfile\systemDictionary.cpp, line 210]
Event: 30.953 Thread 0x0000000018761800 Implicit null exception at 0x0000000003b95502 to 0x0000000003b97075

Events (10 events):
Event: 31.000 Thread 0x0000000015cd7000 flushing nmethod 0x00000000038e0ad0
Event: 31.004 Thread 0x0000000015cd4800 flushing nmethod 0x000000000390f8d0
Event: 31.004 Thread 0x0000000015cd4800 flushing nmethod 0x00000000039117d0
Event: 31.004 Thread 0x0000000015cd4800 flushing nmethod 0x0000000003922550
Event: 31.111 Executing VM operation: RevokeBias
Event: 31.111 Executing VM operation: RevokeBias done
Event: 31.185 Executing VM operation: RevokeBias
Event: 31.186 Executing VM operation: RevokeBias done
Event: 31.187 Executing VM operation: RevokeBias
Event: 31.187 Executing VM operation: RevokeBias done


Dynamic libraries:
0x00007ff6e8010000 - 0x00007ff6e8047000 	C:\Program Files\Java\jdk1.8.0_181\bin\java.exe
0x00007ff8b8b80000 - 0x00007ff8b8d70000 	C:\Windows\SYSTEM32\ntdll.dll
0x00007ff8b7720000 - 0x00007ff8b77d2000 	C:\Windows\System32\KERNEL32.DLL
0x00007ff8b5cb0000 - 0x00007ff8b5f55000 	C:\Windows\System32\KERNELBASE.dll
0x00007ff8b77f0000 - 0x00007ff8b7893000 	C:\Windows\System32\ADVAPI32.dll
0x00007ff8b72b0000 - 0x00007ff8b734e000 	C:\Windows\System32\msvcrt.dll
0x00007ff8b7360000 - 0x00007ff8b73f7000 	C:\Windows\System32\sechost.dll
0x00007ff8b8540000 - 0x00007ff8b8660000 	C:\Windows\System32\RPCRT4.dll
0x00007ff8b6f40000 - 0x00007ff8b70d4000 	C:\Windows\System32\USER32.dll
0x00007ff8b6890000 - 0x00007ff8b68b1000 	C:\Windows\System32\win32u.dll
0x00007ff8b8b10000 - 0x00007ff8b8b36000 	C:\Windows\System32\GDI32.dll
0x00007ff8b69f0000 - 0x00007ff8b6b86000 	C:\Windows\System32\gdi32full.dll
0x00007ff8b6b90000 - 0x00007ff8b6c2e000 	C:\Windows\System32\msvcp_win.dll
0x00007ff8b5bb0000 - 0x00007ff8b5caa000 	C:\Windows\System32\ucrtbase.dll
0x00007ff8a7650000 - 0x00007ff8a78d4000 	C:\Windows\WinSxS\amd64_microsoft.windows.common-controls_6595b64144ccf1df_6.0.18362.1198_none_9e820b57e45ad92f\COMCTL32.dll
0x00007ff8b87d0000 - 0x00007ff8b8b05000 	C:\Windows\System32\combase.dll
0x00007ff8b6970000 - 0x00007ff8b69f0000 	C:\Windows\System32\bcryptPrimitives.dll
0x00007ff8b6e60000 - 0x00007ff8b6e8e000 	C:\Windows\System32\IMM32.DLL
0x000000006a7a0000 - 0x000000006a872000 	C:\Program Files\Java\jdk1.8.0_181\jre\bin\msvcr100.dll
0x0000000069820000 - 0x000000006a0c2000 	C:\Program Files\Java\jdk1.8.0_181\jre\bin\server\jvm.dll
0x00007ff8b77e0000 - 0x00007ff8b77e8000 	C:\Windows\System32\PSAPI.DLL
0x00007ff8aefc0000 - 0x00007ff8aefca000 	C:\Windows\SYSTEM32\VERSION.dll
0x00007ff8a4d10000 - 0x00007ff8a4d19000 	C:\Windows\SYSTEM32\WSOCK32.dll
0x00007ff8b24b0000 - 0x00007ff8b24d4000 	C:\Windows\SYSTEM32\WINMM.dll
0x00007ff8b7400000 - 0x00007ff8b746f000 	C:\Windows\System32\WS2_32.dll
0x00007ff8b2480000 - 0x00007ff8b24ad000 	C:\Windows\SYSTEM32\winmmbase.dll
0x00007ff8b5b60000 - 0x00007ff8b5baa000 	C:\Windows\System32\cfgmgr32.dll
0x000000006a790000 - 0x000000006a79f000 	C:\Program Files\Java\jdk1.8.0_181\jre\bin\verify.dll
0x000000006a760000 - 0x000000006a789000 	C:\Program Files\Java\jdk1.8.0_181\jre\bin\java.dll
0x000000006a740000 - 0x000000006a756000 	C:\Program Files\Java\jdk1.8.0_181\jre\bin\zip.dll
0x00007ff8b7900000 - 0x00007ff8b7fe7000 	C:\Windows\System32\SHELL32.dll
0x00007ff8b86c0000 - 0x00007ff8b8769000 	C:\Windows\System32\shcore.dll
0x00007ff8b5f60000 - 0x00007ff8b66e1000 	C:\Windows\System32\windows.storage.dll
0x00007ff8b5a40000 - 0x00007ff8b5a63000 	C:\Windows\System32\profapi.dll
0x00007ff8b5ab0000 - 0x00007ff8b5afa000 	C:\Windows\System32\powrprof.dll
0x00007ff8b5a30000 - 0x00007ff8b5a40000 	C:\Windows\System32\UMPDC.dll
0x00007ff8b8660000 - 0x00007ff8b86b2000 	C:\Windows\System32\shlwapi.dll
0x00007ff8b5a70000 - 0x00007ff8b5a81000 	C:\Windows\System32\kernel.appcore.dll
0x00007ff8b6870000 - 0x00007ff8b6887000 	C:\Windows\System32\cryptsp.dll
0x000000006a720000 - 0x000000006a73a000 	C:\Program Files\Java\jdk1.8.0_181\jre\bin\net.dll
0x00007ff8b5280000 - 0x00007ff8b52e7000 	C:\Windows\system32\mswsock.dll
0x000000006a700000 - 0x000000006a711000 	C:\Program Files\Java\jdk1.8.0_181\jre\bin\nio.dll
0x00007ff8a7910000 - 0x00007ff8a7937000 	C:\Users\beut1\.gradle\native\9f2fa17c089eee584f3420100432f77ec4c098959e4bf121a4d6054c26537dfb\windows-amd64\native-platform.dll
0x000000006a6f0000 - 0x000000006a6fd000 	C:\Program Files\Java\jdk1.8.0_181\jre\bin\management.dll
0x00007ff8b4df0000 - 0x00007ff8b4e23000 	C:\Windows\system32\rsaenh.dll
0x00007ff8b66f0000 - 0x00007ff8b6716000 	C:\Windows\System32\bcrypt.dll
0x00007ff8b5910000 - 0x00007ff8b5935000 	C:\Windows\SYSTEM32\USERENV.dll
0x00007ff8b5450000 - 0x00007ff8b545c000 	C:\Windows\SYSTEM32\CRYPTBASE.dll
0x00007ff8b4f90000 - 0x00007ff8b4fca000 	C:\Windows\SYSTEM32\IPHLPAPI.DLL
0x00007ff8b8530000 - 0x00007ff8b8538000 	C:\Windows\System32\NSI.dll
0x00007ff8aef80000 - 0x00007ff8aef96000 	C:\Windows\SYSTEM32\dhcpcsvc6.DLL
0x00007ff8af310000 - 0x00007ff8af32c000 	C:\Windows\SYSTEM32\dhcpcsvc.DLL
0x00007ff8b4fd0000 - 0x00007ff8b509b000 	C:\Windows\SYSTEM32\DNSAPI.dll
0x00007ff8b02a0000 - 0x00007ff8b02ab000 	C:\Windows\SYSTEM32\WINNSI.DLL
0x00007ff898ae0000 - 0x00007ff898c76000 	C:\Users\beut1\.gradle\native\9f2fa17c089eee584f3420100432f77ec4c098959e4bf121a4d6054c26537dfb\windows-amd64\native-platform-file-events.dll

VM Arguments:
jvm_args: -XX:MaxMetaspaceSize=256m -XX:+HeapDumpOnOutOfMemoryError -Xms256m -Xmx512m -Dfile.encoding=windows-1252 -Duser.country=US -Duser.language=en -Duser.variant 
java_command: org.gradle.launcher.daemon.bootstrap.GradleDaemon 6.6.1
java_class_path (initial): C:\Users\beut1\.gradle\wrapper\dists\gradle-6.6.1-bin\du4tvj86lhti6iga1v8h7pckb\gradle-6.6.1\lib\gradle-launcher-6.6.1.jar
Launcher Type: SUN_STANDARD

Environment Variables:
JAVA_HOME=C:\Program Files\Java\jdk1.8.0_181
PATH=C:\Program Files (x86)\Common Files\Oracle\Java\javapath;C:\Windows\system32;C:\Windows;C:\Windows\System32\Wbem;C:\Windows\System32\WindowsPowerShell\v1.0\;C:\Windows\System32\OpenSSH\;C:\Program Files\JetBrains\IntelliJ IDEA 2019.3.3\jbr\bin;C:\Program Files\Java\jre1.8.0_181;C:\Program Files\nodejs\;C:\Program Files\Git\cmd;C:\Users\beut1\AppData\Local\Microsoft\WindowsApps;C:\Users\beut1\AppData\Local\GitHubDesktop\bin;C:\Program Files\Java\jre1.8.0_181\bin;;C:\Program Files\JetBrains\IntelliJ IDEA 2020.1\bin;;C:\Users\beut1\AppData\Roaming\npm
USERNAME=beut1
OS=Windows_NT
PROCESSOR_IDENTIFIER=Intel64 Family 6 Model 94 Stepping 3, GenuineIntel



---------------  S Y S T E M  ---------------

OS: Windows 10.0 , 64 bit Build 18362 (10.0.18362.1110)

CPU:total 8 (initial active 8) (4 cores per cpu, 2 threads per core) family 6 model 94 stepping 3, cmov, cx8, fxsr, mmx, sse, sse2, sse3, ssse3, sse4.1, sse4.2, popcnt, avx, avx2, aes, clmul, erms, rtm, 3dnowpref, lzcnt, ht, tsc, tscinvbit, bmi1, bmi2, adx

Memory: 4k page, physical 16438036k(4046240k free), swap 28347536k(3076k free)

vm_info: Java HotSpot(TM) 64-Bit Server VM (25.181-b13) for windows-amd64 JRE (1.8.0_181-b13), built on Jul  7 2018 04:01:33 by "java_re" with MS VC++ 10.0 (VS2010)

time: Wed Dec 09 08:52:20 2020
elapsed time: 31 seconds (0d 0h 0m 31s)

